build_old/app/outputs/mapping/release/seeds.txt
androidx.fragment.app.Fragment$2
io.flutter.plugin.platform.SingleViewPresentation
io.flutter.plugins.GeneratedPluginRegistrant
androidx.lifecycle.ReflectiveGenericLifecycleObserver
io.flutter.embedding.engine.FlutterOverlaySurface
androidx.versionedparcelable.ParcelImpl
androidx.savedstate.Recreator
androidx.activity.OnBackPressedDispatcher$LifecycleOnBackPressedCancellable
io.flutter.embedding.engine.mutatorsstack.FlutterMutatorsStack
androidx.core.app.RemoteActionCompatParcelizer
com.example.intelligent_reader_app.MainActivity
androidx.lifecycle.LiveData$LifecycleBoundObserver
androidx.core.graphics.drawable.IconCompatParcelizer
io.flutter.view.FlutterCallbackInformation
androidx.core.graphics.drawable.IconCompat
androidx.lifecycle.Lifecycling$1
io.flutter.embedding.android.FlutterSplashView$SavedState
androidx.lifecycle.FullLifecycleObserverAdapter
androidx.core.app.CoreComponentFactory
androidx.lifecycle.SingleGeneratedAdapterObserver
androidx.lifecycle.CompositeGeneratedAdaptersObserver
android.support.v4.graphics.drawable.IconCompatParcelizer
io.flutter.embedding.android.FlutterSplashView$SavedState: android.os.Parcelable$Creator CREATOR
io.flutter.view.AccessibilityViewEmbedder: java.lang.String TAG
io.flutter.view.AccessibilityViewEmbedder: android.util.SparseArray flutterIdToOrigin
io.flutter.embedding.engine.FlutterJNI: boolean setRefreshRateFPSCalled
io.flutter.plugin.editing.ImeSyncDeferringInsetsCallback: io.flutter.plugin.editing.ImeSyncDeferringInsetsCallback$AnimationCallback animationCallback
io.flutter.view.AccessibilityViewEmbedder: int nextFlutterId
io.flutter.view.FlutterCallbackInformation: java.lang.String callbackLibraryPath
io.flutter.embedding.engine.FlutterJNI: boolean initCalled
io.flutter.embedding.engine.FlutterJNI: io.flutter.embedding.engine.dart.PlatformMessageHandler platformMessageHandler
io.flutter.embedding.engine.FlutterJNI: android.os.Looper mainLooper
io.flutter.embedding.engine.renderer.SurfaceTextureWrapper: android.graphics.SurfaceTexture surfaceTexture
io.flutter.plugin.platform.SingleViewPresentation: java.lang.Object createParams
io.flutter.plugin.editing.ImeSyncDeferringInsetsCallback$AnimationCallback: io.flutter.plugin.editing.ImeSyncDeferringInsetsCallback this$0
io.flutter.plugin.editing.ImeSyncDeferringInsetsCallback: int deferredInsetTypes
io.flutter.embedding.engine.FlutterJNI: java.lang.String observatoryUri
io.flutter.plugin.platform.SingleViewPresentation: android.widget.FrameLayout container
io.flutter.plugin.editing.ImeSyncDeferringInsetsCallback: int overlayInsetTypes
io.flutter.embedding.engine.FlutterJNI: boolean prefetchDefaultFontManagerCalled
io.flutter.embedding.engine.FlutterJNI: java.lang.Long nativeShellHolderId
io.flutter.plugin.platform.SingleViewPresentation: io.flutter.plugin.platform.AccessibilityEventsDelegate accessibilityEventsDelegate
androidx.versionedparcelable.ParcelImpl: android.os.Parcelable$Creator CREATOR
io.flutter.plugin.editing.ImeSyncDeferringInsetsCallback: android.view.WindowInsets lastWindowInsets
androidx.lifecycle.Lifecycle$Event: androidx.lifecycle.Lifecycle$Event[] $VALUES
io.flutter.view.AccessibilityViewEmbedder: android.view.View rootAccessibilityView
io.flutter.embedding.engine.FlutterJNI: io.flutter.embedding.engine.deferredcomponents.DeferredComponentManager deferredComponentManager
io.flutter.view.FlutterCallbackInformation: java.lang.String callbackClassName
io.flutter.view.AccessibilityViewEmbedder: java.util.Map embeddedViewToDisplayBounds
io.flutter.plugin.platform.SingleViewPresentation: io.flutter.plugin.platform.PlatformViewFactory viewFactory
io.flutter.embedding.engine.mutatorsstack.FlutterMutatorsStack: java.util.List mutators
io.flutter.plugin.editing.ImeSyncDeferringInsetsCallback: android.view.View view
io.flutter.embedding.engine.FlutterJNI: java.util.concurrent.locks.ReentrantReadWriteLock shellHolderLock
androidx.lifecycle.Lifecycle$Event: androidx.lifecycle.Lifecycle$Event ON_DESTROY