build_old/app/outputs/mapping/release/mapping.txt
# compiler: R8
# compiler_version: 3.1.66
# min_api: 19
# pg_map_id: 58ae68f
# common_typos_disable
# {"id":"com.android.tools.r8.mapping","version":"1.0"}
...
androidx.lifecycle.LifecycleObserver -> androidx.lifecycle.e:
androidx.lifecycle.LifecycleOwner -> androidx.lifecycle.f:
    androidx.lifecycle.Lifecycle getLifecycle() -> d
androidx.lifecycle.LifecycleRegistry -> androidx.lifecycle.g:
    androidx.arch.core.internal.FastSafeIterableMap mObserverMap -> b
    androidx.lifecycle.Lifecycle$State mState -> c
    java.util.ArrayList mParentStates -> h
    java.lang.ref.WeakReference mLifecycleOwner -> d
    boolean mHandlingEvent -> f
    boolean mNewEventOccurred -> g
    int mAddingObserverCounter -> e
    androidx.lifecycle.Lifecycle$State getCurrentState() -> a
    void removeObserver(androidx.lifecycle.LifecycleObserver) -> b
    void backwardPass(androidx.lifecycle.LifecycleOwner) -> c
    androidx.lifecycle.Lifecycle$Event downEvent(androidx.lifecycle.Lifecycle$State) -> d
    void forwardPass(androidx.lifecycle.LifecycleOwner) -> e
    androidx.lifecycle.Lifecycle$State getStateAfter(androidx.lifecycle.Lifecycle$Event) -> f
    void handleLifecycleEvent(androidx.lifecycle.Lifecycle$Event) -> g
    boolean isSynced() -> h
    androidx.lifecycle.Lifecycle$State min(androidx.lifecycle.Lifecycle$State,androidx.lifecycle.Lifecycle$State) -> i
    void moveToState(androidx.lifecycle.Lifecycle$State) -> j
    void popParentState() -> k
    void pushParentState(androidx.lifecycle.Lifecycle$State) -> l
    void sync() -> m
    androidx.lifecycle.Lifecycle$Event upEvent(androidx.lifecycle.Lifecycle$State) -> n
androidx.lifecycle.LifecycleRegistry$1 -> androidx.lifecycle.g$a:
    int[] $SwitchMap$androidx$lifecycle$Lifecycle$State -> b
    int[] $SwitchMap$androidx$lifecycle$Lifecycle$Event -> a
androidx.lifecycle.LifecycleRegistry$ObserverWithState -> androidx.lifecycle.g$b:
    androidx.lifecycle.Lifecycle$State mState -> a
    androidx.lifecycle.LifecycleEventObserver mLifecycleObserver -> b
    void dispatchEvent(androidx.lifecycle.LifecycleOwner,androidx.lifecycle.Lifecycle$Event) -> a
androidx.lifecycle.Lifecycling$1 -> androidx.lifecycle.Lifecycling$1:
    androidx.lifecycle.LifecycleEventObserver val$observer -> a
    void onStateChanged(androidx.lifecycle.LifecycleOwner,androidx.lifecycle.Lifecycle$Event) -> g
androidx.lifecycle.LiveData$LifecycleBoundObserver -> androidx.lifecycle.LiveData$LifecycleBoundObserver:
    androidx.lifecycle.LifecycleOwner mOwner -> b
    void onStateChanged(androidx.lifecycle.LifecycleOwner,androidx.lifecycle.Lifecycle$Event) -> g
    boolean shouldBeActive() -> i
androidx.lifecycle.LiveData$ObserverWrapper -> androidx.lifecycle.h:
    boolean mActive -> a
    void activeStateChanged(boolean) -> h
androidx.lifecycle.MethodCallsLogger -> androidx.lifecycle.i:
    java.util.Map mCalledMethods -> a
androidx.lifecycle.ReflectiveGenericLifecycleObserver -> androidx.lifecycle.ReflectiveGenericLifecycleObserver:
    void onStateChanged(androidx.lifecycle.LifecycleOwner,androidx.lifecycle.Lifecycle$Event) -> g
androidx.lifecycle.SingleGeneratedAdapterObserver -> androidx.lifecycle.SingleGeneratedAdapterObserver:
    androidx.lifecycle.GeneratedAdapter mGeneratedAdapter -> a
    void onStateChanged(androidx.lifecycle.LifecycleOwner,androidx.lifecycle.Lifecycle$Event) -> g
androidx.savedstate.Recreator -> androidx.savedstate.Recreator:
    androidx.savedstate.SavedStateRegistryOwner mOwner -> a
    void onStateChanged(androidx.lifecycle.LifecycleOwner,androidx.lifecycle.Lifecycle$Event) -> g
androidx.savedstate.SavedStateRegistry -> androidx.savedstate.a:
androidx.savedstate.SavedStateRegistry$1 -> androidx.savedstate.SavedStateRegistry$1:
    void onStateChanged(androidx.lifecycle.LifecycleOwner,androidx.lifecycle.Lifecycle$Event) -> g
androidx.savedstate.SavedStateRegistryOwner -> androidx.savedstate.b:
    androidx.savedstate.SavedStateRegistry getSavedStateRegistry() -> j
androidx.tracing.Trace -> e.a:
    void beginSection(java.lang.String) -> a
    void endSection() -> b