build_old/app/outputs/mapping/release/usage.txt
kotlin.io.ReadAfterEOFException
kotlin.io.SerializableKt
kotlin.io.TerminateException
kotlin.io.TextStreamsKt$readLines$1
kotlin.io.TextStreamsKt
kotlin.io.path.ExperimentalPathApi
kotlin.io.path.PathRelativizer
kotlin.io.path.PathsKt
kotlin.io.path.PathsKt__PathReadWriteKt
kotlin.io.path.PathsKt__PathUtilsKt
kotlin.jdk7.AutoCloseableKt
kotlin.js.ExperimentalJsExport
kotlin.jvm.JvmClassMappingKt
kotlin.jvm.JvmDefault
kotlin.jvm.JvmDefaultWithoutCompatibility
kotlin.jvm.JvmField
kotlin.jvm.JvmInline
kotlin.jvm.JvmMultifileClass
kotlin.jvm.JvmName
kotlin.jvm.JvmOverloads
kotlin.jvm.JvmPackageName
kotlin.jvm.JvmRecord
kotlin.jvm.JvmStatic
kotlin.jvm.JvmSuppressWildcards
kotlin.jvm.JvmSynthetic
kotlin.jvm.JvmWildcard
kotlin.jvm.KotlinReflectionNotSupportedError
kotlin.jvm.PurelyImplements
kotlin.jvm.Strictfp
kotlin.jvm.Synchronized
kotlin.jvm.Throws
kotlin.jvm.Transient
kotlin.jvm.Volatile
kotlin.jvm.functions.Function0
kotlin.jvm.functions.Function10
kotlin.jvm.functions.Function11
kotlin.jvm.functions.Function12
kotlin.jvm.functions.Function13
kotlin.jvm.functions.Function14
kotlin.jvm.functions.Function15
kotlin.jvm.functions.Function16
kotlin.jvm.functions.Function17
kotlin.jvm.functions.Function18
kotlin.jvm.functions.Function19
kotlin.jvm.functions.Function1
kotlin.jvm.functions.Function20
kotlin.jvm.functions.Function21
kotlin.jvm.functions.Function22
kotlin.jvm.functions.Function2
kotlin.jvm.functions.Function3
kotlin.jvm.functions.Function4
kotlin.jvm.functions.Function5
kotlin.jvm.functions.Function6
kotlin.jvm.functions.Function7
kotlin.jvm.functions.Function8
kotlin.jvm.functions.Function9
kotlin.jvm.functions.FunctionN
kotlin.jvm.internal.AdaptedFunctionReference
kotlin.jvm.internal.ArrayBooleanIterator
kotlin.jvm.internal.ArrayByteIterator
kotlin.jvm.internal.ArrayCharIterator
kotlin.jvm.internal.ArrayDoubleIterator
kotlin.jvm.internal.ArrayFloatIterator
kotlin.jvm.internal.ArrayIntIterator
kotlin.jvm.internal.ArrayIterator
kotlin.jvm.internal.ArrayIteratorKt
kotlin.jvm.internal.ArrayIteratorsKt
kotlin.jvm.internal.ArrayLongIterator
kotlin.jvm.internal.ArrayShortIterator
kotlin.jvm.internal.BooleanCompanionObject
kotlin.jvm.internal.BooleanSpreadBuilder
kotlin.jvm.internal.ByteCompanionObject
kotlin.jvm.internal.ByteSpreadBuilder
kotlin.jvm.internal.CallableReference$NoReceiver
kotlin.jvm.internal.CallableReference
kotlin.jvm.internal.CharCompanionObject
kotlin.jvm.internal.CharSpreadBuilder
kotlin.jvm.internal.ClassBasedDeclarationContainer
kotlin.jvm.internal.ClassReference$Companion
kotlin.jvm.internal.ClassReference
kotlin.jvm.internal.CollectionToArray
kotlin.jvm.internal.DefaultConstructorMarker:
    private void <init>()
kotlin.jvm.internal.DoubleCompanionObject
kotlin.jvm.internal.DoubleSpreadBuilder
kotlin.jvm.internal.EnumCompanionObject
kotlin.jvm.internal.FloatCompanionObject
kotlin.jvm.internal.FloatSpreadBuilder
kotlin.jvm.internal.FunctionAdapter
kotlin.jvm.internal.FunctionBase
kotlin.jvm.internal.FunctionImpl
kotlin.jvm.internal.FunctionReference
kotlin.jvm.internal.FunctionReferenceImpl
kotlin.jvm.internal.InlineMarker
kotlin.jvm.internal.IntCompanionObject
kotlin.jvm.internal.IntSpreadBuilder
kotlin.jvm.internal.Intrinsics$Kotlin